<?xml version="1.0" encoding="UTF-8"?>
<!-- Generated by org.testng.reporters.JUnitReportReporter -->
<testsuite hostname="DESKTOP-OJ9MCVM" failures="0" tests="1" name="testClass_Pkg.Replace_4" time="1.051" errors="0" timestamp="2023-05-28T18:25:55 IST" skipped="0">
  <testcase classname="testClass_Pkg.Replace_4" name="execute" time="1.051"/>
  <system-out/>
</testsuite> <!-- testClass_Pkg.Replace_4 -->
